[0.011s] Invoking command in '/home/parth/amr_ws/src/amr/build/amr': CMAKE_PREFIX_PATH=${CMAKE_PREFIX_PATH}:/home/parth/ros2_ws/install/serial_reader:/opt/ros/humble /usr/bin/cmake /home/parth/amr_ws/src/amr -DAMENT_CMAKE_SYMLINK_INSTALL=1 -DCMAKE_INSTALL_PREFIX=/home/parth/amr_ws/src/amr/install/amr
[0.059s] -- The C compiler identification is GNU 11.4.0
[0.095s] -- The CXX compiler identification is GNU 11.4.0
[0.099s] -- Detecting C compiler ABI info
[0.149s] -- Detecting C compiler ABI info - done
[0.153s] -- Check for working C compiler: /usr/bin/cc - skipped
[0.153s] -- Detecting C compile features
[0.153s] -- Detecting C compile features - done
[0.155s] -- Detecting CXX compiler ABI info
[0.210s] -- Detecting CXX compiler ABI info - done
[0.216s] -- Check for working CXX compiler: /usr/bin/c++ - skipped
[0.216s] -- Detecting CXX compile features
[0.217s] -- Detecting CXX compile features - done
[0.218s] -- Found ament_cmake: 1.3.12 (/opt/ros/humble/share/ament_cmake/cmake)
[0.317s] -- Found Python3: /usr/bin/python3 (found version "3.10.12") found components: Interpreter 
[0.359s] -- Override CMake install command with custom implementation using symlinks instead of copying resources
[0.376s] -- Found ament_lint_auto: 0.12.14 (/opt/ros/humble/share/ament_lint_auto/cmake)
[0.428s] -- Added test 'copyright' to check source files copyright and LICENSE
[0.431s] -- Added test 'cppcheck' to perform static code analysis on C / C++ code
[0.431s] -- Configured cppcheck include dirs: 
[0.431s] -- Configured cppcheck exclude dirs and/or files: 
[0.435s] -- Added test 'cpplint' to check C / C++ code against the Google style
[0.435s] -- Configured cpplint exclude dirs and/or files: 
[0.435s] -- Added test 'flake8' to check Python code syntax and style conventions
[0.436s] -- Added test 'lint_cmake' to check CMake code style
[0.437s] -- Added test 'pep257' to check Python code against some of the docstring style conventions in PEP 257
[0.440s] -- Added test 'uncrustify' to check C / C++ code style
[0.440s] -- Configured uncrustify additional arguments: 
[0.441s] -- Added test 'xmllint' to check XML markup files
[0.441s] -- Configuring done
[0.443s] -- Generating done
[0.444s] -- Build files have been written to: /home/parth/amr_ws/src/amr/build/amr
[0.447s] Invoked command in '/home/parth/amr_ws/src/amr/build/amr' returned '0': CMAKE_PREFIX_PATH=${CMAKE_PREFIX_PATH}:/home/parth/ros2_ws/install/serial_reader:/opt/ros/humble /usr/bin/cmake /home/parth/amr_ws/src/amr -DAMENT_CMAKE_SYMLINK_INSTALL=1 -DCMAKE_INSTALL_PREFIX=/home/parth/amr_ws/src/amr/install/amr
[0.448s] Invoking command in '/home/parth/amr_ws/src/amr/build/amr': CMAKE_PREFIX_PATH=${CMAKE_PREFIX_PATH}:/home/parth/ros2_ws/install/serial_reader:/opt/ros/humble /usr/bin/cmake --build /home/parth/amr_ws/src/amr/build/amr -- -j18 -l18
[0.479s] Invoked command in '/home/parth/amr_ws/src/amr/build/amr' returned '0': CMAKE_PREFIX_PATH=${CMAKE_PREFIX_PATH}:/home/parth/ros2_ws/install/serial_reader:/opt/ros/humble /usr/bin/cmake --build /home/parth/amr_ws/src/amr/build/amr -- -j18 -l18
[0.486s] Invoking command in '/home/parth/amr_ws/src/amr/build/amr': CMAKE_PREFIX_PATH=${CMAKE_PREFIX_PATH}:/home/parth/ros2_ws/install/serial_reader:/opt/ros/humble /usr/bin/cmake --install /home/parth/amr_ws/src/amr/build/amr
[0.492s] -- Install configuration: ""
[0.492s] -- Execute custom install script
[0.493s] -- Symlinking: /home/parth/amr_ws/src/amr/install/amr/share/amr/config/empty.yaml
[0.499s] -- Symlinking: /home/parth/amr_ws/src/amr/install/amr/share/amr/config/view_bot.rviz
[0.505s] -- Symlinking: /home/parth/amr_ws/src/amr/install/amr/share/amr/description/inertial_macros.xacro
[0.510s] -- Symlinking: /home/parth/amr_ws/src/amr/install/amr/share/amr/description/robot.core.xacro
[0.515s] -- Symlinking: /home/parth/amr_ws/src/amr/install/amr/share/amr/description/robot.urdf.xacro
[0.520s] -- Symlinking: /home/parth/amr_ws/src/amr/install/amr/share/amr/launch/rsp.launch.py
[0.526s] -- Symlinking: /home/parth/amr_ws/src/amr/install/amr/share/amr/worlds/empty.world
[0.531s] -- Symlinking: /home/parth/amr_ws/src/amr/install/amr/share/ament_index/resource_index/package_run_dependencies/amr
[0.536s] -- Symlinking: /home/parth/amr_ws/src/amr/install/amr/share/ament_index/resource_index/parent_prefix_path/amr
[0.541s] -- Symlinking: /home/parth/amr_ws/src/amr/install/amr/share/amr/environment/ament_prefix_path.sh
[0.547s] -- Symlinking: /home/parth/amr_ws/src/amr/install/amr/share/amr/environment/ament_prefix_path.dsv
[0.552s] -- Symlinking: /home/parth/amr_ws/src/amr/install/amr/share/amr/environment/path.sh
[0.557s] -- Symlinking: /home/parth/amr_ws/src/amr/install/amr/share/amr/environment/path.dsv
[0.563s] -- Symlinking: /home/parth/amr_ws/src/amr/install/amr/share/amr/local_setup.bash
[0.568s] -- Symlinking: /home/parth/amr_ws/src/amr/install/amr/share/amr/local_setup.sh
[0.573s] -- Symlinking: /home/parth/amr_ws/src/amr/install/amr/share/amr/local_setup.zsh
[0.579s] -- Symlinking: /home/parth/amr_ws/src/amr/install/amr/share/amr/local_setup.dsv
[0.584s] -- Symlinking: /home/parth/amr_ws/src/amr/install/amr/share/amr/package.dsv
[0.590s] -- Symlinking: /home/parth/amr_ws/src/amr/install/amr/share/ament_index/resource_index/packages/amr
[0.595s] -- Symlinking: /home/parth/amr_ws/src/amr/install/amr/share/amr/cmake/amrConfig.cmake
[0.600s] -- Symlinking: /home/parth/amr_ws/src/amr/install/amr/share/amr/cmake/amrConfig-version.cmake
[0.605s] -- Symlinking: /home/parth/amr_ws/src/amr/install/amr/share/amr/package.xml
[0.611s] Invoked command in '/home/parth/amr_ws/src/amr/build/amr' returned '0': CMAKE_PREFIX_PATH=${CMAKE_PREFIX_PATH}:/home/parth/ros2_ws/install/serial_reader:/opt/ros/humble /usr/bin/cmake --install /home/parth/amr_ws/src/amr/build/amr
