[0.061s] DEBUG:colcon:Command line arguments: ['/usr/bin/colcon', 'build', '--symlink-install']
[0.061s] DEBUG:colcon:Parsed command line arguments: Namespace(log_base=None, log_level=None, verb_name='build', build_base='build', install_base='install', merge_install=False, symlink_install=True, test_result_base=None, continue_on_error=False, executor='parallel', parallel_workers=18, event_handlers=None, ignore_user_meta=False, metas=['./colcon.meta'], base_paths=['.'], packages_ignore=None, packages_ignore_regex=None, paths=None, packages_up_to=None, packages_up_to_regex=None, packages_above=None, packages_above_and_dependencies=None, packages_above_depth=None, packages_select_by_dep=None, packages_skip_by_dep=None, packages_skip_up_to=None, packages_select_build_failed=False, packages_skip_build_finished=False, packages_select_test_failures=False, packages_skip_test_passed=False, packages_select=None, packages_skip=None, packages_select_regex=None, packages_skip_regex=None, packages_start=None, packages_end=None, allow_overriding=[], cmake_args=None, cmake_target=None, cmake_target_skip_unavailable=False, cmake_clean_cache=False, cmake_clean_first=False, cmake_force_configure=False, ament_cmake_args=None, catkin_cmake_args=None, catkin_skip_building_tests=False, mixin_files=None, mixin=None, verb_parser=<colcon_mixin.mixin.mixin_argument.MixinArgumentDecorator object at 0x7176d725a590>, verb_extension=<colcon_core.verb.build.BuildVerb object at 0x7176d7353580>, main=<bound method BuildVerb.main of <colcon_core.verb.build.BuildVerb object at 0x7176d7353580>>, mixin_verb=('build',))
[0.153s] Level 1:colcon.colcon_core.package_discovery:discover_packages(colcon_meta) check parameters
[0.153s] Level 1:colcon.colcon_core.package_discovery:discover_packages(recursive) check parameters
[0.153s] Level 1:colcon.colcon_core.package_discovery:discover_packages(ignore) check parameters
[0.153s] Level 1:colcon.colcon_core.package_discovery:discover_packages(path) check parameters
[0.153s] Level 1:colcon.colcon_core.package_discovery:discover_packages(colcon_meta) discover
[0.153s] Level 1:colcon.colcon_core.package_discovery:discover_packages(recursive) discover
[0.153s] INFO:colcon.colcon_core.package_discovery:Crawling recursively for packages in '/home/parth/amr_ws/src/amr'
[0.153s] Level 1:colcon.colcon_core.package_identification:_identify(.) by extensions ['ignore', 'ignore_ament_install']
[0.153s] Level 1:colcon.colcon_core.package_identification:_identify(.) by extension 'ignore'
[0.153s] Level 1:colcon.colcon_core.package_identification:_identify(.) by extension 'ignore_ament_install'
[0.153s] Level 1:colcon.colcon_core.package_identification:_identify(.) by extensions ['colcon_pkg']
[0.153s] Level 1:colcon.colcon_core.package_identification:_identify(.) by extension 'colcon_pkg'
[0.153s] Level 1:colcon.colcon_core.package_identification:_identify(.) by extensions ['colcon_meta']
[0.153s] Level 1:colcon.colcon_core.package_identification:_identify(.) by extension 'colcon_meta'
[0.153s] Level 1:colcon.colcon_core.package_identification:_identify(.) by extensions ['ros']
[0.153s] Level 1:colcon.colcon_core.package_identification:_identify(.) by extension 'ros'
[0.161s] DEBUG:colcon.colcon_core.package_identification:Package '.' with type 'ros.ament_cmake' and name 'amr'
[0.161s] Level 1:colcon.colcon_core.package_discovery:discover_packages(recursive) using defaults
[0.161s] Level 1:colcon.colcon_core.package_discovery:discover_packages(ignore) discover
[0.161s] Level 1:colcon.colcon_core.package_discovery:discover_packages(ignore) using defaults
[0.161s] Level 1:colcon.colcon_core.package_discovery:discover_packages(path) discover
[0.161s] Level 1:colcon.colcon_core.package_discovery:discover_packages(path) using defaults
[0.179s] Level 1:colcon.colcon_core.package_discovery:discover_packages(prefix_path) check parameters
[0.179s] Level 1:colcon.colcon_core.package_discovery:discover_packages(prefix_path) discover
[0.180s] DEBUG:colcon.colcon_installed_package_information.package_discovery:Found 1 installed packages in /home/parth/amr_ws/install
[0.180s] DEBUG:colcon.colcon_installed_package_information.package_discovery:Found 3 installed packages in /home/parth/trakr_ws/install
[0.180s] DEBUG:colcon.colcon_installed_package_information.package_discovery:Found 1 installed packages in /home/parth/ros2_ws/install
[0.181s] DEBUG:colcon.colcon_installed_package_information.package_discovery:Found 337 installed packages in /opt/ros/humble
[0.182s] Level 1:colcon.colcon_core.package_discovery:discover_packages(prefix_path) using defaults
[0.205s] Level 5:colcon.colcon_core.verb:set package 'amr' build argument 'cmake_args' from command line to 'None'
[0.205s] Level 5:colcon.colcon_core.verb:set package 'amr' build argument 'cmake_target' from command line to 'None'
[0.205s] Level 5:colcon.colcon_core.verb:set package 'amr' build argument 'cmake_target_skip_unavailable' from command line to 'False'
[0.205s] Level 5:colcon.colcon_core.verb:set package 'amr' build argument 'cmake_clean_cache' from command line to 'False'
[0.205s] Level 5:colcon.colcon_core.verb:set package 'amr' build argument 'cmake_clean_first' from command line to 'False'
[0.205s] Level 5:colcon.colcon_core.verb:set package 'amr' build argument 'cmake_force_configure' from command line to 'False'
[0.205s] Level 5:colcon.colcon_core.verb:set package 'amr' build argument 'ament_cmake_args' from command line to 'None'
[0.205s] Level 5:colcon.colcon_core.verb:set package 'amr' build argument 'catkin_cmake_args' from command line to 'None'
[0.205s] Level 5:colcon.colcon_core.verb:set package 'amr' build argument 'catkin_skip_building_tests' from command line to 'False'
[0.205s] DEBUG:colcon.colcon_core.verb:Building package 'amr' with the following arguments: {'ament_cmake_args': None, 'build_base': '/home/parth/amr_ws/src/amr/build/amr', 'catkin_cmake_args': None, 'catkin_skip_building_tests': False, 'cmake_args': None, 'cmake_clean_cache': False, 'cmake_clean_first': False, 'cmake_force_configure': False, 'cmake_target': None, 'cmake_target_skip_unavailable': False, 'install_base': '/home/parth/amr_ws/src/amr/install/amr', 'merge_install': False, 'path': '/home/parth/amr_ws/src/amr', 'symlink_install': True, 'test_result_base': None}
[0.205s] INFO:colcon.colcon_core.executor:Executing jobs using 'parallel' executor
[0.206s] DEBUG:colcon.colcon_parallel_executor.executor.parallel:run_until_complete
[0.206s] INFO:colcon.colcon_ros.task.ament_cmake.build:Building ROS package in '/home/parth/amr_ws/src/amr' with build type 'ament_cmake'
[0.206s] INFO:colcon.colcon_cmake.task.cmake.build:Building CMake package in '/home/parth/amr_ws/src/amr'
[0.209s] INFO:colcon.colcon_core.plugin_system:Skipping extension 'colcon_core.shell.bat': Not used on non-Windows systems
[0.209s] INFO:colcon.colcon_core.shell:Skip shell extension 'powershell' for command environment: Not usable outside of PowerShell
[0.209s] DEBUG:colcon.colcon_core.shell:Skip shell extension 'dsv' for command environment
[0.218s] DEBUG:colcon.colcon_core.event_handler.log_command:Invoking command in '/home/parth/amr_ws/src/amr/build/amr': CMAKE_PREFIX_PATH=${CMAKE_PREFIX_PATH}:/home/parth/ros2_ws/install/serial_reader:/opt/ros/humble /usr/bin/cmake /home/parth/amr_ws/src/amr -DAMENT_CMAKE_SYMLINK_INSTALL=1 -DCMAKE_INSTALL_PREFIX=/home/parth/amr_ws/src/amr/install/amr
[0.654s] DEBUG:colcon.colcon_core.event_handler.log_command:Invoked command in '/home/parth/amr_ws/src/amr/build/amr' returned '0': CMAKE_PREFIX_PATH=${CMAKE_PREFIX_PATH}:/home/parth/ros2_ws/install/serial_reader:/opt/ros/humble /usr/bin/cmake /home/parth/amr_ws/src/amr -DAMENT_CMAKE_SYMLINK_INSTALL=1 -DCMAKE_INSTALL_PREFIX=/home/parth/amr_ws/src/amr/install/amr
[0.655s] DEBUG:colcon.colcon_core.event_handler.log_command:Invoking command in '/home/parth/amr_ws/src/amr/build/amr': CMAKE_PREFIX_PATH=${CMAKE_PREFIX_PATH}:/home/parth/ros2_ws/install/serial_reader:/opt/ros/humble /usr/bin/cmake --build /home/parth/amr_ws/src/amr/build/amr -- -j18 -l18
[0.686s] DEBUG:colcon.colcon_core.event_handler.log_command:Invoked command in '/home/parth/amr_ws/src/amr/build/amr' returned '0': CMAKE_PREFIX_PATH=${CMAKE_PREFIX_PATH}:/home/parth/ros2_ws/install/serial_reader:/opt/ros/humble /usr/bin/cmake --build /home/parth/amr_ws/src/amr/build/amr -- -j18 -l18
[0.693s] DEBUG:colcon.colcon_core.event_handler.log_command:Invoking command in '/home/parth/amr_ws/src/amr/build/amr': CMAKE_PREFIX_PATH=${CMAKE_PREFIX_PATH}:/home/parth/ros2_ws/install/serial_reader:/opt/ros/humble /usr/bin/cmake --install /home/parth/amr_ws/src/amr/build/amr
[0.817s] Level 1:colcon.colcon_core.environment:create_environment_scripts_only(amr)
[0.818s] DEBUG:colcon.colcon_core.event_handler.log_command:Invoked command in '/home/parth/amr_ws/src/amr/build/amr' returned '0': CMAKE_PREFIX_PATH=${CMAKE_PREFIX_PATH}:/home/parth/ros2_ws/install/serial_reader:/opt/ros/humble /usr/bin/cmake --install /home/parth/amr_ws/src/amr/build/amr
[0.820s] Level 1:colcon.colcon_core.environment:checking '/home/parth/amr_ws/src/amr/install/amr' for CMake module files
[0.820s] Level 1:colcon.colcon_core.environment:checking '/home/parth/amr_ws/src/amr/install/amr' for CMake config files
[0.820s] Level 1:colcon.colcon_core.shell:create_environment_hook('amr', 'cmake_prefix_path')
[0.820s] INFO:colcon.colcon_core.shell:Creating environment hook '/home/parth/amr_ws/src/amr/install/amr/share/amr/hook/cmake_prefix_path.ps1'
[0.821s] INFO:colcon.colcon_core.shell:Creating environment descriptor '/home/parth/amr_ws/src/amr/install/amr/share/amr/hook/cmake_prefix_path.dsv'
[0.821s] INFO:colcon.colcon_core.shell:Creating environment hook '/home/parth/amr_ws/src/amr/install/amr/share/amr/hook/cmake_prefix_path.sh'
[0.822s] Level 1:colcon.colcon_core.environment:checking '/home/parth/amr_ws/src/amr/install/amr/bin'
[0.822s] Level 1:colcon.colcon_core.environment:checking '/home/parth/amr_ws/src/amr/install/amr/lib/pkgconfig/amr.pc'
[0.822s] Level 1:colcon.colcon_core.environment:checking '/home/parth/amr_ws/src/amr/install/amr/lib/python3.10/site-packages'
[0.822s] Level 1:colcon.colcon_core.environment:checking '/home/parth/amr_ws/src/amr/install/amr/bin'
[0.822s] INFO:colcon.colcon_core.shell:Creating package script '/home/parth/amr_ws/src/amr/install/amr/share/amr/package.ps1'
[0.823s] INFO:colcon.colcon_core.shell:Creating package descriptor '/home/parth/amr_ws/src/amr/install/amr/share/amr/package.dsv'
[0.823s] INFO:colcon.colcon_core.shell:Creating package script '/home/parth/amr_ws/src/amr/install/amr/share/amr/package.sh'
[0.823s] INFO:colcon.colcon_core.shell:Creating package script '/home/parth/amr_ws/src/amr/install/amr/share/amr/package.bash'
[0.824s] INFO:colcon.colcon_core.shell:Creating package script '/home/parth/amr_ws/src/amr/install/amr/share/amr/package.zsh'
[0.824s] Level 1:colcon.colcon_core.environment:create_file_with_runtime_dependencies(/home/parth/amr_ws/src/amr/install/amr/share/colcon-core/packages/amr)
[0.824s] Level 1:colcon.colcon_core.environment:create_environment_scripts_only(amr)
[0.824s] Level 1:colcon.colcon_core.environment:checking '/home/parth/amr_ws/src/amr/install/amr' for CMake module files
[0.825s] Level 1:colcon.colcon_core.environment:checking '/home/parth/amr_ws/src/amr/install/amr' for CMake config files
[0.825s] Level 1:colcon.colcon_core.shell:create_environment_hook('amr', 'cmake_prefix_path')
[0.825s] INFO:colcon.colcon_core.shell:Creating environment hook '/home/parth/amr_ws/src/amr/install/amr/share/amr/hook/cmake_prefix_path.ps1'
[0.825s] INFO:colcon.colcon_core.shell:Creating environment descriptor '/home/parth/amr_ws/src/amr/install/amr/share/amr/hook/cmake_prefix_path.dsv'
[0.825s] INFO:colcon.colcon_core.shell:Creating environment hook '/home/parth/amr_ws/src/amr/install/amr/share/amr/hook/cmake_prefix_path.sh'
[0.826s] Level 1:colcon.colcon_core.environment:checking '/home/parth/amr_ws/src/amr/install/amr/bin'
[0.826s] Level 1:colcon.colcon_core.environment:checking '/home/parth/amr_ws/src/amr/install/amr/lib/pkgconfig/amr.pc'
[0.826s] Level 1:colcon.colcon_core.environment:checking '/home/parth/amr_ws/src/amr/install/amr/lib/python3.10/site-packages'
[0.826s] Level 1:colcon.colcon_core.environment:checking '/home/parth/amr_ws/src/amr/install/amr/bin'
[0.826s] INFO:colcon.colcon_core.shell:Creating package script '/home/parth/amr_ws/src/amr/install/amr/share/amr/package.ps1'
[0.826s] INFO:colcon.colcon_core.shell:Creating package descriptor '/home/parth/amr_ws/src/amr/install/amr/share/amr/package.dsv'
[0.827s] INFO:colcon.colcon_core.shell:Creating package script '/home/parth/amr_ws/src/amr/install/amr/share/amr/package.sh'
[0.827s] INFO:colcon.colcon_core.shell:Creating package script '/home/parth/amr_ws/src/amr/install/amr/share/amr/package.bash'
[0.827s] INFO:colcon.colcon_core.shell:Creating package script '/home/parth/amr_ws/src/amr/install/amr/share/amr/package.zsh'
[0.827s] Level 1:colcon.colcon_core.environment:create_file_with_runtime_dependencies(/home/parth/amr_ws/src/amr/install/amr/share/colcon-core/packages/amr)
[0.827s] DEBUG:colcon.colcon_parallel_executor.executor.parallel:closing loop
[0.828s] DEBUG:colcon.colcon_parallel_executor.executor.parallel:loop closed
[0.828s] DEBUG:colcon.colcon_parallel_executor.executor.parallel:run_until_complete finished with '0'
[0.828s] DEBUG:colcon.colcon_core.event_reactor:joining thread
[0.830s] INFO:colcon.colcon_core.plugin_system:Skipping extension 'colcon_notification.desktop_notification.terminal_notifier': Not used on non-Darwin systems
[0.830s] INFO:colcon.colcon_core.plugin_system:Skipping extension 'colcon_notification.desktop_notification.win32': Not used on non-Windows systems
[0.830s] INFO:colcon.colcon_notification.desktop_notification:Sending desktop notification using 'notify2'
[0.842s] DEBUG:colcon.colcon_core.event_reactor:joined thread
[0.842s] INFO:colcon.colcon_core.shell:Creating prefix script '/home/parth/amr_ws/src/amr/install/local_setup.ps1'
[0.844s] INFO:colcon.colcon_core.shell:Creating prefix util module '/home/parth/amr_ws/src/amr/install/_local_setup_util_ps1.py'
[0.845s] INFO:colcon.colcon_core.shell:Creating prefix chain script '/home/parth/amr_ws/src/amr/install/setup.ps1'
[0.845s] INFO:colcon.colcon_core.shell:Creating prefix script '/home/parth/amr_ws/src/amr/install/local_setup.sh'
[0.846s] INFO:colcon.colcon_core.shell:Creating prefix util module '/home/parth/amr_ws/src/amr/install/_local_setup_util_sh.py'
[0.846s] INFO:colcon.colcon_core.shell:Creating prefix chain script '/home/parth/amr_ws/src/amr/install/setup.sh'
[0.847s] INFO:colcon.colcon_core.shell:Creating prefix script '/home/parth/amr_ws/src/amr/install/local_setup.bash'
[0.847s] INFO:colcon.colcon_core.shell:Creating prefix chain script '/home/parth/amr_ws/src/amr/install/setup.bash'
[0.847s] INFO:colcon.colcon_core.shell:Creating prefix script '/home/parth/amr_ws/src/amr/install/local_setup.zsh'
[0.848s] INFO:colcon.colcon_core.shell:Creating prefix chain script '/home/parth/amr_ws/src/amr/install/setup.zsh'
